{"/Users/andrijanovakovic/eth/libsemaphore-modules/packages/identity/src/identity.ts": {"path":"/Users/andrijanovakovic/eth/libsemaphore-modules/packages/identity/src/identity.ts","statementMap":{"0":{"start":{"line":1,"column":0},"end":{"line":1,"column":79}},"1":{"start":{"line":2,"column":0},"end":{"line":2,"column":54}},"2":{"start":{"line":4,"column":0},"end":{"line":4,"column":42}},"3":{"start":{"line":8,"column":21},"end":{"line":10,"column":1}},"4":{"start":{"line":9,"column":4},"end":{"line":9,"column":37}},"5":{"start":{"line":12,"column":0},"end":{"line":12,"column":null}},"6":{"start":{"line":13,"column":4},"end":{"line":18,"column":null}},"7":{"start":{"line":13,"column":16},"end":{"line":13,"column":45}},"8":{"start":{"line":13,"column":45},"end":{"line":13,"column":null}},"9":{"start":{"line":14,"column":8},"end":{"line":15,"column":null}},"10":{"start":{"line":14,"column":34},"end":{"line":14,"column":61}},"11":{"start":{"line":15,"column":13},"end":{"line":15,"column":null}},"12":{"start":{"line":15,"column":47},"end":{"line":15,"column":null}},"13":{"start":{"line":17,"column":8},"end":{"line":17,"column":62}},"14":{"start":{"line":20,"column":4},"end":{"line":23,"column":null}},"15":{"start":{"line":21,"column":23},"end":{"line":21,"column":78}},"16":{"start":{"line":22,"column":8},"end":{"line":22,"column":36}},"17":{"start":{"line":25,"column":4},"end":{"line":28,"column":null}},"18":{"start":{"line":26,"column":23},"end":{"line":26,"column":49}},"19":{"start":{"line":27,"column":8},"end":{"line":27,"column":36}},"20":{"start":{"line":30,"column":4},"end":{"line":36,"column":null}},"21":{"start":{"line":31,"column":21},"end":{"line":34,"column":null}},"22":{"start":{"line":35,"column":8},"end":{"line":35,"column":null}},"23":{"start":{"line":38,"column":4},"end":{"line":44,"column":null}},"24":{"start":{"line":39,"column":21},"end":{"line":39,"column":51}},"25":{"start":{"line":40,"column":8},"end":{"line":43,"column":null}},"26":{"start":{"line":45,"column":0},"end":{"line":45,"column":null}},"27":{"start":{"line":47,"column":0},"end":{"line":47,"column":32}}},"fnMap":{"0":{"name":"(anonymous_6)","decl":{"start":{"line":8,"column":21},"end":{"line":8,"column":22}},"loc":{"start":{"line":8,"column":41},"end":{"line":10,"column":1}}},"1":{"name":"(anonymous_7)","decl":{"start":{"line":12,"column":0},"end":{"line":12,"column":null}},"loc":{"start":{"line":12,"column":0},"end":{"line":45,"column":null}}},"2":{"name":"(anonymous_9)","decl":{"start":{"line":13,"column":4},"end":{"line":13,"column":15}},"loc":{"start":{"line":13,"column":63},"end":{"line":18,"column":5}}},"3":{"name":"(anonymous_10)","decl":{"start":{"line":20,"column":4},"end":{"line":20,"column":13}},"loc":{"start":{"line":20,"column":32},"end":{"line":23,"column":5}}},"4":{"name":"(anonymous_11)","decl":{"start":{"line":25,"column":4},"end":{"line":25,"column":25}},"loc":{"start":{"line":25,"column":44},"end":{"line":28,"column":5}}},"5":{"name":"(anonymous_12)","decl":{"start":{"line":30,"column":4},"end":{"line":30,"column":21}},"loc":{"start":{"line":30,"column":40},"end":{"line":36,"column":5}}},"6":{"name":"(anonymous_13)","decl":{"start":{"line":38,"column":4},"end":{"line":38,"column":23}},"loc":{"start":{"line":38,"column":50},"end":{"line":44,"column":5}}}},"branchMap":{"0":{"loc":{"start":{"line":13,"column":16},"end":{"line":13,"column":45}},"type":"if","locations":[{"start":{"line":13,"column":16},"end":{"line":13,"column":45}},{"start":{"line":13,"column":16},"end":{"line":13,"column":45}}]},"1":{"loc":{"start":{"line":13,"column":45},"end":{"line":13,"column":null}},"type":"if","locations":[{"start":{"line":13,"column":45},"end":{"line":13,"column":null}},{"start":{"line":13,"column":45},"end":{"line":13,"column":null}}]},"2":{"loc":{"start":{"line":14,"column":8},"end":{"line":15,"column":null}},"type":"if","locations":[{"start":{"line":14,"column":8},"end":{"line":15,"column":null}},{"start":{"line":14,"column":8},"end":{"line":15,"column":null}}]},"3":{"loc":{"start":{"line":15,"column":13},"end":{"line":15,"column":null}},"type":"if","locations":[{"start":{"line":15,"column":13},"end":{"line":15,"column":null}},{"start":{"line":15,"column":13},"end":{"line":15,"column":null}}]}},"s":{"0":1,"1":1,"2":1,"3":1,"4":3,"5":1,"6":1,"7":10,"8":10,"9":5,"10":5,"11":0,"12":0,"13":0,"14":1,"15":2,"16":2,"17":1,"18":1,"19":1,"20":1,"21":2,"22":2,"23":1,"24":1,"25":1,"26":1,"27":1},"f":{"0":3,"1":2,"2":5,"3":2,"4":1,"5":2,"6":1},"b":{"0":[5,0],"1":[5,0],"2":[5,0],"3":[0,0]}}
,"/Users/andrijanovakovic/eth/libsemaphore-modules/packages/identity/src/index.ts": {"path":"/Users/andrijanovakovic/eth/libsemaphore-modules/packages/identity/src/index.ts","statementMap":{"0":{"start":{"line":1,"column":0},"end":{"line":1,"column":7}},"1":{"start":{"line":4,"column":4},"end":{"line":1,"column":36}}},"fnMap":{},"branchMap":{},"s":{"0":1,"1":1},"f":{},"b":{}}
,"/Users/andrijanovakovic/eth/libsemaphore-modules/packages/identity/src/strategies.ts": {"path":"/Users/andrijanovakovic/eth/libsemaphore-modules/packages/identity/src/strategies.ts","statementMap":{"0":{"start":{"line":1,"column":0},"end":{"line":1,"column":33}},"1":{"start":{"line":2,"column":0},"end":{"line":2,"column":54}},"2":{"start":{"line":3,"column":0},"end":{"line":3,"column":46}},"3":{"start":{"line":10,"column":26},"end":{"line":19,"column":1}},"4":{"start":{"line":11,"column":28},"end":{"line":13,"column":5}},"5":{"start":{"line":11,"column":29},"end":{"line":11,"column":null}},"6":{"start":{"line":12,"column":8},"end":{"line":12,"column":null}},"7":{"start":{"line":15,"column":4},"end":{"line":18,"column":null}},"8":{"start":{"line":41,"column":4},"end":{"line":41,"column":21}},"9":{"start":{"line":21,"column":37},"end":{"line":38,"column":1}},"10":{"start":{"line":22,"column":19},"end":{"line":26,"column":5}},"11":{"start":{"line":23,"column":21},"end":{"line":23,"column":37}},"12":{"start":{"line":24,"column":8},"end":{"line":24,"column":null}},"13":{"start":{"line":25,"column":8},"end":{"line":25,"column":null}},"14":{"start":{"line":28,"column":30},"end":{"line":28,"column":39}},"15":{"start":{"line":30,"column":24},"end":{"line":30,"column":45}},"16":{"start":{"line":31,"column":30},"end":{"line":31,"column":102}},"17":{"start":{"line":32,"column":29},"end":{"line":32,"column":100}},"18":{"start":{"line":34,"column":4},"end":{"line":37,"column":null}},"19":{"start":{"line":42,"column":4},"end":{"line":42,"column":32}}},"fnMap":{"0":{"name":"(anonymous_6)","decl":{"start":{"line":10,"column":26},"end":{"line":10,"column":null}},"loc":{"start":{"line":10,"column":26},"end":{"line":19,"column":1}}},"1":{"name":"(anonymous_7)","decl":{"start":{"line":11,"column":28},"end":{"line":11,"column":29}},"loc":{"start":{"line":11,"column":50},"end":{"line":13,"column":5}}},"2":{"name":"(anonymous_8)","decl":{"start":{"line":21,"column":37},"end":{"line":21,"column":38}},"loc":{"start":{"line":21,"column":51},"end":{"line":38,"column":1}}},"3":{"name":"(anonymous_9)","decl":{"start":{"line":22,"column":19},"end":{"line":22,"column":20}},"loc":{"start":{"line":22,"column":35},"end":{"line":26,"column":5}}}},"branchMap":{"0":{"loc":{"start":{"line":11,"column":29},"end":{"line":11,"column":null}},"type":"if","locations":[{"start":{"line":11,"column":29},"end":{"line":11,"column":null}},{"start":{"line":11,"column":29},"end":{"line":11,"column":null}}]}},"s":{"0":1,"1":1,"2":1,"3":1,"4":5,"5":10,"6":10,"7":5,"8":1,"9":1,"10":0,"11":0,"12":0,"13":0,"14":0,"15":0,"16":0,"17":0,"18":0,"19":1},"f":{"0":5,"1":10,"2":0,"3":0},"b":{"0":[0,10]}}
,"/Users/andrijanovakovic/eth/libsemaphore-modules/packages/protocols/src/index.ts": {"path":"/Users/andrijanovakovic/eth/libsemaphore-modules/packages/protocols/src/index.ts","statementMap":{"0":{"start":{"line":1,"column":0},"end":{"line":1,"column":7}},"1":{"start":{"line":7,"column":4},"end":{"line":1,"column":36}},"2":{"start":{"line":2,"column":0},"end":{"line":2,"column":7}},"3":{"start":{"line":8,"column":4},"end":{"line":2,"column":24}},"4":{"start":{"line":3,"column":0},"end":{"line":3,"column":7}},"5":{"start":{"line":9,"column":4},"end":{"line":3,"column":26}},"6":{"start":{"line":4,"column":0},"end":{"line":4,"column":9}},"7":{"start":{"line":10,"column":4},"end":{"line":4,"column":46}}},"fnMap":{"0":{"name":"(anonymous_0)","decl":{"start":{"line":10,"column":4},"end":{"line":10,"column":23}},"loc":{"start":{"line":10,"column":4},"end":{"line":4,"column":46}}}},"branchMap":{},"s":{"0":2,"1":2,"2":2,"3":2,"4":2,"5":2,"6":2,"7":2},"f":{"0":0},"b":{}}
,"/Users/andrijanovakovic/eth/libsemaphore-modules/packages/protocols/src/nRln.ts": {"path":"/Users/andrijanovakovic/eth/libsemaphore-modules/packages/protocols/src/nRln.ts","statementMap":{"0":{"start":{"line":1,"column":0},"end":{"line":1,"column":43}},"1":{"start":{"line":2,"column":0},"end":{"line":2,"column":54}},"2":{"start":{"line":3,"column":0},"end":{"line":3,"column":29}},"3":{"start":{"line":6,"column":0},"end":{"line":6,"column":null}},"4":{"start":{"line":6,"column":19},"end":{"line":6,"column":29}},"5":{"start":{"line":7,"column":4},"end":{"line":15,"column":null}},"6":{"start":{"line":7,"column":93},"end":{"line":7,"column":null}},"7":{"start":{"line":8,"column":8},"end":{"line":14,"column":null}},"8":{"start":{"line":18,"column":4},"end":{"line":36,"column":null}},"9":{"start":{"line":19,"column":19},"end":{"line":19,"column":47}},"10":{"start":{"line":21,"column":38},"end":{"line":21,"column":40}},"11":{"start":{"line":22,"column":19},"end":{"line":22,"column":20}},"12":{"start":{"line":24,"column":8},"end":{"line":24,"column":62}},"13":{"start":{"line":25,"column":23},"end":{"line":25,"column":58}},"14":{"start":{"line":27,"column":8},"end":{"line":32,"column":null}},"15":{"start":{"line":27,"column":20},"end":{"line":27,"column":21}},"16":{"start":{"line":28,"column":12},"end":{"line":28,"column":35}},"17":{"start":{"line":30,"column":12},"end":{"line":30,"column":66}},"18":{"start":{"line":31,"column":12},"end":{"line":31,"column":51}},"19":{"start":{"line":34,"column":34},"end":{"line":34,"column":59}},"20":{"start":{"line":35,"column":8},"end":{"line":35,"column":30}},"21":{"start":{"line":38,"column":4},"end":{"line":40,"column":null}},"22":{"start":{"line":39,"column":8},"end":{"line":39,"column":36}},"23":{"start":{"line":42,"column":4},"end":{"line":56,"column":null}},"24":{"start":{"line":43,"column":8},"end":{"line":43,"column":91}},"25":{"start":{"line":43,"column":36},"end":{"line":43,"column":91}},"26":{"start":{"line":44,"column":36},"end":{"line":44,"column":45}},"27":{"start":{"line":45,"column":25},"end":{"line":45,"column":34}},"28":{"start":{"line":46,"column":8},"end":{"line":54,"column":null}},"29":{"start":{"line":46,"column":20},"end":{"line":46,"column":21}},"30":{"start":{"line":47,"column":28},"end":{"line":47,"column":37}},"31":{"start":{"line":48,"column":12},"end":{"line":52,"column":null}},"32":{"start":{"line":48,"column":24},"end":{"line":48,"column":25}},"33":{"start":{"line":49,"column":16},"end":{"line":51,"column":null}},"34":{"start":{"line":50,"column":20},"end":{"line":50,"column":null}},"35":{"start":{"line":53,"column":12},"end":{"line":53,"column":46}},"36":{"start":{"line":55,"column":8},"end":{"line":55,"column":18}},"37":{"start":{"line":58,"column":0},"end":{"line":58,"column":null}},"38":{"start":{"line":60,"column":0},"end":{"line":60,"column":26}}},"fnMap":{"0":{"name":"(anonymous_6)","decl":{"start":{"line":6,"column":0},"end":{"line":6,"column":19}},"loc":{"start":{"line":6,"column":0},"end":{"line":58,"column":null}}},"1":{"name":"(anonymous_8)","decl":{"start":{"line":7,"column":4},"end":{"line":7,"column":14}},"loc":{"start":{"line":7,"column":119},"end":{"line":15,"column":5}}},"2":{"name":"(anonymous_9)","decl":{"start":{"line":18,"column":4},"end":{"line":18,"column":19}},"loc":{"start":{"line":18,"column":89},"end":{"line":36,"column":5}}},"3":{"name":"(anonymous_10)","decl":{"start":{"line":38,"column":4},"end":{"line":38,"column":16}},"loc":{"start":{"line":38,"column":38},"end":{"line":40,"column":5}}},"4":{"name":"(anonymous_11)","decl":{"start":{"line":42,"column":4},"end":{"line":42,"column":22}},"loc":{"start":{"line":42,"column":59},"end":{"line":56,"column":5}}}},"branchMap":{"0":{"loc":{"start":{"line":7,"column":93},"end":{"line":7,"column":null}},"type":"if","locations":[{"start":{"line":7,"column":93},"end":{"line":7,"column":null}},{"start":{"line":7,"column":93},"end":{"line":7,"column":null}}]},"1":{"loc":{"start":{"line":12,"column":15},"end":{"line":12,"column":57}},"type":"cond-expr","locations":[{"start":{"line":12,"column":28},"end":{"line":12,"column":49}},{"start":{"line":12,"column":51},"end":{"line":12,"column":57}}]},"2":{"loc":{"start":{"line":43,"column":8},"end":{"line":43,"column":91}},"type":"if","locations":[{"start":{"line":43,"column":8},"end":{"line":43,"column":91}},{"start":{"line":43,"column":8},"end":{"line":43,"column":91}}]},"3":{"loc":{"start":{"line":49,"column":16},"end":{"line":51,"column":null}},"type":"if","locations":[{"start":{"line":49,"column":16},"end":{"line":51,"column":null}},{"start":{"line":49,"column":16},"end":{"line":51,"column":null}}]}},"s":{"0":2,"1":2,"2":2,"3":2,"4":2,"5":2,"6":0,"7":0,"8":2,"9":0,"10":0,"11":0,"12":0,"13":0,"14":0,"15":0,"16":0,"17":0,"18":0,"19":0,"20":0,"21":2,"22":0,"23":2,"24":0,"25":0,"26":0,"27":0,"28":0,"29":0,"30":0,"31":0,"32":0,"33":0,"34":0,"35":0,"36":0,"37":2,"38":2},"f":{"0":4,"1":0,"2":0,"3":0,"4":0},"b":{"0":[0,0],"1":[0,0],"2":[0,0],"3":[0,0]}}
,"/Users/andrijanovakovic/eth/libsemaphore-modules/packages/protocols/src/rln.ts": {"path":"/Users/andrijanovakovic/eth/libsemaphore-modules/packages/protocols/src/rln.ts","statementMap":{"0":{"start":{"line":1,"column":0},"end":{"line":1,"column":43}},"1":{"start":{"line":2,"column":0},"end":{"line":2,"column":54}},"2":{"start":{"line":3,"column":0},"end":{"line":3,"column":29}},"3":{"start":{"line":7,"column":0},"end":{"line":7,"column":null}},"4":{"start":{"line":7,"column":18},"end":{"line":7,"column":28}},"5":{"start":{"line":8,"column":4},"end":{"line":17,"column":null}},"6":{"start":{"line":8,"column":120},"end":{"line":8,"column":null}},"7":{"start":{"line":9,"column":8},"end":{"line":16,"column":null}},"8":{"start":{"line":19,"column":4},"end":{"line":24,"column":null}},"9":{"start":{"line":20,"column":27},"end":{"line":20,"column":87}},"10":{"start":{"line":21,"column":26},"end":{"line":21,"column":63}},"11":{"start":{"line":22,"column":26},"end":{"line":22,"column":62}},"12":{"start":{"line":23,"column":8},"end":{"line":23,"column":null}},"13":{"start":{"line":26,"column":4},"end":{"line":28,"column":null}},"14":{"start":{"line":27,"column":8},"end":{"line":27,"column":49}},"15":{"start":{"line":30,"column":4},"end":{"line":34,"column":null}},"16":{"start":{"line":31,"column":22},"end":{"line":31,"column":60}},"17":{"start":{"line":32,"column":27},"end":{"line":32,"column":56}},"18":{"start":{"line":33,"column":8},"end":{"line":33,"column":40}},"19":{"start":{"line":36,"column":4},"end":{"line":38,"column":null}},"20":{"start":{"line":37,"column":8},"end":{"line":37,"column":27}},"21":{"start":{"line":40,"column":0},"end":{"line":40,"column":null}},"22":{"start":{"line":42,"column":0},"end":{"line":42,"column":25}}},"fnMap":{"0":{"name":"(anonymous_6)","decl":{"start":{"line":7,"column":0},"end":{"line":7,"column":18}},"loc":{"start":{"line":7,"column":0},"end":{"line":40,"column":null}}},"1":{"name":"(anonymous_8)","decl":{"start":{"line":8,"column":4},"end":{"line":8,"column":14}},"loc":{"start":{"line":8,"column":146},"end":{"line":17,"column":5}}},"2":{"name":"(anonymous_9)","decl":{"start":{"line":19,"column":4},"end":{"line":19,"column":19}},"loc":{"start":{"line":19,"column":91},"end":{"line":24,"column":5}}},"3":{"name":"(anonymous_10)","decl":{"start":{"line":26,"column":4},"end":{"line":26,"column":16}},"loc":{"start":{"line":26,"column":50},"end":{"line":28,"column":5}}},"4":{"name":"(anonymous_11)","decl":{"start":{"line":30,"column":4},"end":{"line":30,"column":22}},"loc":{"start":{"line":30,"column":66},"end":{"line":34,"column":5}}},"5":{"name":"(anonymous_12)","decl":{"start":{"line":36,"column":4},"end":{"line":36,"column":17}},"loc":{"start":{"line":36,"column":4},"end":{"line":38,"column":5}}}},"branchMap":{"0":{"loc":{"start":{"line":8,"column":120},"end":{"line":8,"column":null}},"type":"if","locations":[{"start":{"line":8,"column":120},"end":{"line":8,"column":null}},{"start":{"line":8,"column":120},"end":{"line":8,"column":null}}]},"1":{"loc":{"start":{"line":13,"column":15},"end":{"line":13,"column":57}},"type":"cond-expr","locations":[{"start":{"line":13,"column":28},"end":{"line":13,"column":49}},{"start":{"line":13,"column":51},"end":{"line":13,"column":57}}]}},"s":{"0":2,"1":2,"2":2,"3":2,"4":2,"5":2,"6":4,"7":2,"8":2,"9":1,"10":1,"11":1,"12":1,"13":2,"14":1,"15":2,"16":0,"17":0,"18":0,"19":2,"20":2,"21":2,"22":2},"f":{"0":4,"1":2,"2":1,"3":1,"4":0,"5":2},"b":{"0":[2,0],"1":[2,0]}}
,"/Users/andrijanovakovic/eth/libsemaphore-modules/packages/protocols/src/semaphore.ts": {"path":"/Users/andrijanovakovic/eth/libsemaphore-modules/packages/protocols/src/semaphore.ts","statementMap":{"0":{"start":{"line":1,"column":0},"end":{"line":1,"column":43}},"1":{"start":{"line":2,"column":0},"end":{"line":2,"column":54}},"2":{"start":{"line":6,"column":0},"end":{"line":6,"column":null}},"3":{"start":{"line":6,"column":24},"end":{"line":6,"column":34}},"4":{"start":{"line":7,"column":4},"end":{"line":16,"column":null}},"5":{"start":{"line":7,"column":113},"end":{"line":7,"column":null}},"6":{"start":{"line":8,"column":8},"end":{"line":15,"column":null}},"7":{"start":{"line":18,"column":4},"end":{"line":20,"column":null}},"8":{"start":{"line":19,"column":8},"end":{"line":19,"column":101}},"9":{"start":{"line":22,"column":0},"end":{"line":22,"column":null}},"10":{"start":{"line":24,"column":0},"end":{"line":24,"column":31}}},"fnMap":{"0":{"name":"(anonymous_6)","decl":{"start":{"line":6,"column":0},"end":{"line":6,"column":24}},"loc":{"start":{"line":6,"column":0},"end":{"line":22,"column":null}}},"1":{"name":"(anonymous_8)","decl":{"start":{"line":7,"column":4},"end":{"line":7,"column":14}},"loc":{"start":{"line":7,"column":139},"end":{"line":16,"column":5}}},"2":{"name":"(anonymous_9)","decl":{"start":{"line":18,"column":4},"end":{"line":18,"column":20}},"loc":{"start":{"line":18,"column":108},"end":{"line":20,"column":5}}}},"branchMap":{"0":{"loc":{"start":{"line":7,"column":113},"end":{"line":7,"column":null}},"type":"if","locations":[{"start":{"line":7,"column":113},"end":{"line":7,"column":null}},{"start":{"line":7,"column":113},"end":{"line":7,"column":null}}]},"1":{"loc":{"start":{"line":14,"column":25},"end":{"line":14,"column":67}},"type":"cond-expr","locations":[{"start":{"line":14,"column":38},"end":{"line":14,"column":59}},{"start":{"line":14,"column":61},"end":{"line":14,"column":67}}]}},"s":{"0":2,"1":2,"2":2,"3":2,"4":2,"5":4,"6":2,"7":2,"8":1,"9":2,"10":2},"f":{"0":4,"1":2,"2":1},"b":{"0":[2,0],"1":[2,0]}}
,"/Users/andrijanovakovic/eth/libsemaphore-modules/packages/protocols/src/utils.ts": {"path":"/Users/andrijanovakovic/eth/libsemaphore-modules/packages/protocols/src/utils.ts","statementMap":{"0":{"start":{"line":1,"column":13},"end":{"line":1,"column":69}},"1":{"start":{"line":2,"column":0},"end":{"line":2,"column":42}},"2":{"start":{"line":3,"column":0},"end":{"line":3,"column":33}},"3":{"start":{"line":6,"column":13},"end":{"line":6,"column":128}},"4":{"start":{"line":8,"column":16},"end":{"line":8,"column":47}},"5":{"start":{"line":9,"column":13},"end":{"line":9,"column":48}},"6":{"start":{"line":14,"column":28},"end":{"line":16,"column":1}},"7":{"start":{"line":15,"column":4},"end":{"line":15,"column":37}},"8":{"start":{"line":14,"column":13},"end":{"line":14,"column":28}},"9":{"start":{"line":18,"column":29},"end":{"line":21,"column":1}},"10":{"start":{"line":19,"column":22},"end":{"line":19,"column":76}},"11":{"start":{"line":20,"column":4},"end":{"line":20,"column":87}},"12":{"start":{"line":18,"column":13},"end":{"line":18,"column":29}},"13":{"start":{"line":23,"column":36},"end":{"line":36,"column":1}},"14":{"start":{"line":24,"column":35},"end":{"line":29,"column":5}},"15":{"start":{"line":25,"column":20},"end":{"line":25,"column":29}},"16":{"start":{"line":27,"column":18},"end":{"line":27,"column":42}},"17":{"start":{"line":28,"column":8},"end":{"line":28,"column":null}},"18":{"start":{"line":31,"column":19},"end":{"line":31,"column":74}},"19":{"start":{"line":32,"column":4},"end":{"line":35,"column":null}},"20":{"start":{"line":23,"column":13},"end":{"line":23,"column":36}},"21":{"start":{"line":38,"column":26},"end":{"line":40,"column":1}},"22":{"start":{"line":39,"column":4},"end":{"line":39,"column":87}},"23":{"start":{"line":38,"column":13},"end":{"line":38,"column":26}},"24":{"start":{"line":42,"column":35},"end":{"line":56,"column":1}},"25":{"start":{"line":43,"column":38},"end":{"line":43,"column":113}},"26":{"start":{"line":44,"column":22},"end":{"line":44,"column":42}},"27":{"start":{"line":45,"column":4},"end":{"line":45,"column":65}},"28":{"start":{"line":45,"column":25},"end":{"line":45,"column":65}},"29":{"start":{"line":47,"column":4},"end":{"line":49,"column":null}},"30":{"start":{"line":47,"column":22},"end":{"line":47,"column":28}},"31":{"start":{"line":47,"column":18},"end":{"line":47,"column":22}},"32":{"start":{"line":48,"column":8},"end":{"line":48,"column":26}},"33":{"start":{"line":51,"column":24},"end":{"line":51,"column":53}},"34":{"start":{"line":52,"column":4},"end":{"line":54,"column":null}},"35":{"start":{"line":42,"column":13},"end":{"line":42,"column":35}}},"fnMap":{"0":{"name":"(anonymous_2)","decl":{"start":{"line":14,"column":28},"end":{"line":14,"column":29}},"loc":{"start":{"line":14,"column":48},"end":{"line":16,"column":1}}},"1":{"name":"(anonymous_3)","decl":{"start":{"line":18,"column":29},"end":{"line":18,"column":30}},"loc":{"start":{"line":18,"column":44},"end":{"line":21,"column":1}}},"2":{"name":"(anonymous_4)","decl":{"start":{"line":23,"column":36},"end":{"line":23,"column":37}},"loc":{"start":{"line":23,"column":54},"end":{"line":36,"column":1}}},"3":{"name":"(anonymous_5)","decl":{"start":{"line":24,"column":35},"end":{"line":24,"column":36}},"loc":{"start":{"line":24,"column":65},"end":{"line":29,"column":5}}},"4":{"name":"(anonymous_6)","decl":{"start":{"line":38,"column":26},"end":{"line":38,"column":27}},"loc":{"start":{"line":38,"column":91},"end":{"line":40,"column":1}}},"5":{"name":"(anonymous_7)","decl":{"start":{"line":42,"column":35},"end":{"line":42,"column":36}},"loc":{"start":{"line":42,"column":155},"end":{"line":56,"column":1}}}},"branchMap":{"0":{"loc":{"start":{"line":45,"column":4},"end":{"line":45,"column":65}},"type":"if","locations":[{"start":{"line":45,"column":4},"end":{"line":45,"column":65}},{"start":{"line":45,"column":4},"end":{"line":45,"column":65}}]}},"s":{"0":3,"1":3,"2":3,"3":3,"4":3,"5":3,"6":3,"7":357,"8":3,"9":3,"10":6,"11":6,"12":3,"13":3,"14":4,"15":4,"16":4,"17":4,"18":4,"19":4,"20":3,"21":3,"22":0,"23":3,"24":3,"25":4,"26":4,"27":4,"28":0,"29":4,"30":8,"31":16,"32":16,"33":4,"34":4,"35":3},"f":{"0":357,"1":6,"2":4,"3":4,"4":0,"5":4},"b":{"0":[0,4]}}
,"/Users/andrijanovakovic/eth/libsemaphore-modules/packages/protocols/src/zk-protocol.ts": {"path":"/Users/andrijanovakovic/eth/libsemaphore-modules/packages/protocols/src/zk-protocol.ts","statementMap":{"0":{"start":{"line":1,"column":20},"end":{"line":1,"column":39}},"1":{"start":{"line":2,"column":0},"end":{"line":2,"column":43}},"2":{"start":{"line":6,"column":0},"end":{"line":6,"column":13}},"3":{"start":{"line":8,"column":4},"end":{"line":10,"column":null}},"4":{"start":{"line":9,"column":8},"end":{"line":9,"column":74}},"5":{"start":{"line":12,"column":4},"end":{"line":15,"column":null}},"6":{"start":{"line":13,"column":41},"end":{"line":13,"column":51}},"7":{"start":{"line":14,"column":8},"end":{"line":14,"column":null}},"8":{"start":{"line":17,"column":4},"end":{"line":31,"column":null}},"9":{"start":{"line":18,"column":41},"end":{"line":18,"column":51}},"10":{"start":{"line":20,"column":8},"end":{"line":30,"column":10}},"11":{"start":{"line":23,"column":32},"end":{"line":23,"column":44}},"12":{"start":{"line":27,"column":16},"end":{"line":27,"column":30}},"13":{"start":{"line":28,"column":16},"end":{"line":28,"column":null}},"14":{"start":{"line":33,"column":0},"end":{"line":33,"column":null}},"15":{"start":{"line":6,"column":13},"end":{"line":6,"column":23}}},"fnMap":{"0":{"name":"(anonymous_0)","decl":{"start":{"line":6,"column":0},"end":{"line":6,"column":13}},"loc":{"start":{"line":6,"column":0},"end":{"line":33,"column":null}}},"1":{"name":"(anonymous_2)","decl":{"start":{"line":8,"column":4},"end":{"line":8,"column":12}},"loc":{"start":{"line":8,"column":73},"end":{"line":10,"column":5}}},"2":{"name":"(anonymous_3)","decl":{"start":{"line":12,"column":4},"end":{"line":12,"column":15}},"loc":{"start":{"line":12,"column":47},"end":{"line":15,"column":5}}},"3":{"name":"(anonymous_4)","decl":{"start":{"line":17,"column":4},"end":{"line":17,"column":23}},"loc":{"start":{"line":17,"column":41},"end":{"line":31,"column":5}}},"4":{"name":"(anonymous_5)","decl":{"start":{"line":23,"column":21},"end":{"line":23,"column":22}},"loc":{"start":{"line":23,"column":27},"end":{"line":23,"column":33}}},"5":{"name":"(anonymous_6)","decl":{"start":{"line":26,"column":38},"end":{"line":26,"column":39}},"loc":{"start":{"line":26,"column":44},"end":{"line":29,"column":13}}}},"branchMap":{},"s":{"0":2,"1":2,"2":2,"3":2,"4":2,"5":2,"6":4,"7":2,"8":2,"9":0,"10":0,"11":0,"12":0,"13":0,"14":2,"15":2},"f":{"0":8,"1":2,"2":2,"3":0,"4":0,"5":0},"b":{}}
}
