{"/Users/andrijanovakovic/eth/libsemaphore-modules/packages/identity/src/identity-factory.ts": {"path":"/Users/andrijanovakovic/eth/libsemaphore-modules/packages/identity/src/identity-factory.ts","statementMap":{"0":{"start":{"line":1,"column":0},"end":{"line":1,"column":79}},"1":{"start":{"line":2,"column":0},"end":{"line":2,"column":54}},"2":{"start":{"line":4,"column":0},"end":{"line":4,"column":42}},"3":{"start":{"line":8,"column":21},"end":{"line":10,"column":1}},"4":{"start":{"line":9,"column":4},"end":{"line":9,"column":37}},"5":{"start":{"line":12,"column":0},"end":{"line":12,"column":null}},"6":{"start":{"line":13,"column":4},"end":{"line":18,"column":null}},"7":{"start":{"line":13,"column":16},"end":{"line":13,"column":45}},"8":{"start":{"line":13,"column":45},"end":{"line":13,"column":null}},"9":{"start":{"line":14,"column":8},"end":{"line":15,"column":null}},"10":{"start":{"line":14,"column":34},"end":{"line":14,"column":61}},"11":{"start":{"line":15,"column":13},"end":{"line":15,"column":null}},"12":{"start":{"line":15,"column":47},"end":{"line":15,"column":null}},"13":{"start":{"line":17,"column":8},"end":{"line":17,"column":62}},"14":{"start":{"line":20,"column":4},"end":{"line":23,"column":null}},"15":{"start":{"line":21,"column":23},"end":{"line":21,"column":78}},"16":{"start":{"line":22,"column":8},"end":{"line":22,"column":36}},"17":{"start":{"line":25,"column":4},"end":{"line":28,"column":null}},"18":{"start":{"line":26,"column":23},"end":{"line":26,"column":49}},"19":{"start":{"line":27,"column":8},"end":{"line":27,"column":36}},"20":{"start":{"line":30,"column":4},"end":{"line":36,"column":null}},"21":{"start":{"line":31,"column":21},"end":{"line":34,"column":null}},"22":{"start":{"line":35,"column":8},"end":{"line":35,"column":null}},"23":{"start":{"line":38,"column":4},"end":{"line":44,"column":null}},"24":{"start":{"line":39,"column":21},"end":{"line":39,"column":51}},"25":{"start":{"line":40,"column":8},"end":{"line":43,"column":null}},"26":{"start":{"line":45,"column":0},"end":{"line":45,"column":null}},"27":{"start":{"line":47,"column":0},"end":{"line":47,"column":32}}},"fnMap":{"0":{"name":"(anonymous_6)","decl":{"start":{"line":8,"column":21},"end":{"line":8,"column":22}},"loc":{"start":{"line":8,"column":41},"end":{"line":10,"column":1}}},"1":{"name":"(anonymous_7)","decl":{"start":{"line":12,"column":0},"end":{"line":12,"column":null}},"loc":{"start":{"line":12,"column":0},"end":{"line":45,"column":null}}},"2":{"name":"(anonymous_9)","decl":{"start":{"line":13,"column":4},"end":{"line":13,"column":15}},"loc":{"start":{"line":13,"column":63},"end":{"line":18,"column":5}}},"3":{"name":"(anonymous_10)","decl":{"start":{"line":20,"column":4},"end":{"line":20,"column":13}},"loc":{"start":{"line":20,"column":33},"end":{"line":23,"column":5}}},"4":{"name":"(anonymous_11)","decl":{"start":{"line":25,"column":4},"end":{"line":25,"column":25}},"loc":{"start":{"line":25,"column":45},"end":{"line":28,"column":5}}},"5":{"name":"(anonymous_12)","decl":{"start":{"line":30,"column":4},"end":{"line":30,"column":21}},"loc":{"start":{"line":30,"column":41},"end":{"line":36,"column":5}}},"6":{"name":"(anonymous_13)","decl":{"start":{"line":38,"column":4},"end":{"line":38,"column":23}},"loc":{"start":{"line":38,"column":50},"end":{"line":44,"column":5}}}},"branchMap":{"0":{"loc":{"start":{"line":13,"column":16},"end":{"line":13,"column":45}},"type":"if","locations":[{"start":{"line":13,"column":16},"end":{"line":13,"column":45}},{"start":{"line":13,"column":16},"end":{"line":13,"column":45}}]},"1":{"loc":{"start":{"line":13,"column":45},"end":{"line":13,"column":null}},"type":"if","locations":[{"start":{"line":13,"column":45},"end":{"line":13,"column":null}},{"start":{"line":13,"column":45},"end":{"line":13,"column":null}}]},"2":{"loc":{"start":{"line":14,"column":8},"end":{"line":15,"column":null}},"type":"if","locations":[{"start":{"line":14,"column":8},"end":{"line":15,"column":null}},{"start":{"line":14,"column":8},"end":{"line":15,"column":null}}]},"3":{"loc":{"start":{"line":15,"column":13},"end":{"line":15,"column":null}},"type":"if","locations":[{"start":{"line":15,"column":13},"end":{"line":15,"column":null}},{"start":{"line":15,"column":13},"end":{"line":15,"column":null}}]}},"s":{"0":1,"1":1,"2":1,"3":1,"4":3,"5":1,"6":1,"7":10,"8":10,"9":5,"10":5,"11":0,"12":0,"13":0,"14":1,"15":2,"16":2,"17":1,"18":1,"19":1,"20":1,"21":2,"22":2,"23":1,"24":1,"25":1,"26":1,"27":1},"f":{"0":3,"1":2,"2":5,"3":2,"4":1,"5":2,"6":1},"b":{"0":[5,0],"1":[5,0],"2":[5,0],"3":[0,0]}}
,"/Users/andrijanovakovic/eth/libsemaphore-modules/packages/identity/src/index.ts": {"path":"/Users/andrijanovakovic/eth/libsemaphore-modules/packages/identity/src/index.ts","statementMap":{"0":{"start":{"line":1,"column":0},"end":{"line":1,"column":7}},"1":{"start":{"line":4,"column":4},"end":{"line":1,"column":44}}},"fnMap":{},"branchMap":{},"s":{"0":1,"1":1},"f":{},"b":{}}
,"/Users/andrijanovakovic/eth/libsemaphore-modules/packages/identity/src/strategies.ts": {"path":"/Users/andrijanovakovic/eth/libsemaphore-modules/packages/identity/src/strategies.ts","statementMap":{"0":{"start":{"line":1,"column":0},"end":{"line":1,"column":33}},"1":{"start":{"line":2,"column":0},"end":{"line":2,"column":54}},"2":{"start":{"line":3,"column":0},"end":{"line":3,"column":46}},"3":{"start":{"line":10,"column":26},"end":{"line":19,"column":1}},"4":{"start":{"line":11,"column":28},"end":{"line":13,"column":5}},"5":{"start":{"line":11,"column":29},"end":{"line":11,"column":null}},"6":{"start":{"line":12,"column":8},"end":{"line":12,"column":null}},"7":{"start":{"line":15,"column":4},"end":{"line":18,"column":null}},"8":{"start":{"line":41,"column":4},"end":{"line":41,"column":21}},"9":{"start":{"line":21,"column":37},"end":{"line":38,"column":1}},"10":{"start":{"line":22,"column":19},"end":{"line":26,"column":5}},"11":{"start":{"line":23,"column":21},"end":{"line":23,"column":37}},"12":{"start":{"line":24,"column":8},"end":{"line":24,"column":null}},"13":{"start":{"line":25,"column":8},"end":{"line":25,"column":null}},"14":{"start":{"line":28,"column":30},"end":{"line":28,"column":39}},"15":{"start":{"line":30,"column":24},"end":{"line":30,"column":45}},"16":{"start":{"line":31,"column":30},"end":{"line":31,"column":102}},"17":{"start":{"line":32,"column":29},"end":{"line":32,"column":100}},"18":{"start":{"line":34,"column":4},"end":{"line":37,"column":null}},"19":{"start":{"line":42,"column":4},"end":{"line":42,"column":32}}},"fnMap":{"0":{"name":"(anonymous_6)","decl":{"start":{"line":10,"column":26},"end":{"line":10,"column":null}},"loc":{"start":{"line":10,"column":26},"end":{"line":19,"column":1}}},"1":{"name":"(anonymous_7)","decl":{"start":{"line":11,"column":28},"end":{"line":11,"column":29}},"loc":{"start":{"line":11,"column":50},"end":{"line":13,"column":5}}},"2":{"name":"(anonymous_8)","decl":{"start":{"line":21,"column":37},"end":{"line":21,"column":38}},"loc":{"start":{"line":21,"column":51},"end":{"line":38,"column":1}}},"3":{"name":"(anonymous_9)","decl":{"start":{"line":22,"column":19},"end":{"line":22,"column":20}},"loc":{"start":{"line":22,"column":35},"end":{"line":26,"column":5}}}},"branchMap":{"0":{"loc":{"start":{"line":11,"column":29},"end":{"line":11,"column":null}},"type":"if","locations":[{"start":{"line":11,"column":29},"end":{"line":11,"column":null}},{"start":{"line":11,"column":29},"end":{"line":11,"column":null}}]}},"s":{"0":1,"1":1,"2":1,"3":1,"4":5,"5":10,"6":10,"7":5,"8":1,"9":1,"10":0,"11":0,"12":0,"13":0,"14":0,"15":0,"16":0,"17":0,"18":0,"19":1},"f":{"0":5,"1":10,"2":0,"3":0},"b":{"0":[0,10]}}
}
