TN:
SF:packages/identity/src/identity.ts
FN:8,(anonymous_6)
FN:12,(anonymous_7)
FN:13,(anonymous_9)
FN:20,(anonymous_10)
FN:25,(anonymous_11)
FN:30,(anonymous_12)
FN:38,(anonymous_13)
FNF:7
FNH:7
FNDA:3,(anonymous_6)
FNDA:2,(anonymous_7)
FNDA:5,(anonymous_9)
FNDA:2,(anonymous_10)
FNDA:1,(anonymous_11)
FNDA:2,(anonymous_12)
FNDA:1,(anonymous_13)
DA:1,1
DA:2,1
DA:4,1
DA:8,1
DA:9,3
DA:12,1
DA:13,10
DA:14,5
DA:15,0
DA:17,0
DA:20,1
DA:21,2
DA:22,2
DA:25,1
DA:26,1
DA:27,1
DA:30,1
DA:31,2
DA:35,2
DA:38,1
DA:39,1
DA:40,1
DA:45,1
DA:47,1
LF:24
LH:22
BRDA:13,0,0,5
BRDA:13,0,1,0
BRDA:13,1,0,5
BRDA:13,1,1,0
BRDA:14,2,0,5
BRDA:14,2,1,0
BRDA:15,3,0,0
BRDA:15,3,1,0
BRF:8
BRH:3
end_of_record
TN:
SF:packages/identity/src/index.ts
FNF:0
FNH:0
DA:1,1
DA:4,1
LF:2
LH:2
BRF:0
BRH:0
end_of_record
TN:
SF:packages/identity/src/strategies.ts
FN:10,(anonymous_6)
FN:11,(anonymous_7)
FN:21,(anonymous_8)
FN:22,(anonymous_9)
FNF:4
FNH:2
FNDA:5,(anonymous_6)
FNDA:10,(anonymous_7)
FNDA:0,(anonymous_8)
FNDA:0,(anonymous_9)
DA:1,1
DA:2,1
DA:3,1
DA:10,1
DA:11,10
DA:12,10
DA:15,5
DA:21,1
DA:22,0
DA:23,0
DA:24,0
DA:25,0
DA:28,0
DA:30,0
DA:31,0
DA:32,0
DA:34,0
DA:41,1
DA:42,1
LF:19
LH:10
BRDA:11,0,0,0
BRDA:11,0,1,10
BRF:2
BRH:1
end_of_record
TN:
SF:packages/protocols/src/index.ts
FN:10,(anonymous_0)
FNF:1
FNH:0
FNDA:0,(anonymous_0)
DA:1,2
DA:2,2
DA:3,2
DA:4,2
DA:7,2
DA:8,2
DA:9,2
DA:10,2
LF:8
LH:8
BRF:0
BRH:0
end_of_record
TN:
SF:packages/protocols/src/nRln.ts
FN:6,(anonymous_6)
FN:7,(anonymous_8)
FN:18,(anonymous_9)
FN:38,(anonymous_10)
FN:42,(anonymous_11)
FNF:5
FNH:1
FNDA:4,(anonymous_6)
FNDA:0,(anonymous_8)
FNDA:0,(anonymous_9)
FNDA:0,(anonymous_10)
FNDA:0,(anonymous_11)
DA:1,2
DA:2,2
DA:3,2
DA:6,2
DA:7,2
DA:8,0
DA:18,2
DA:19,0
DA:21,0
DA:22,0
DA:24,0
DA:25,0
DA:27,0
DA:28,0
DA:30,0
DA:31,0
DA:34,0
DA:35,0
DA:38,2
DA:39,0
DA:42,2
DA:43,0
DA:44,0
DA:45,0
DA:46,0
DA:47,0
DA:48,0
DA:49,0
DA:50,0
DA:53,0
DA:55,0
DA:58,2
DA:60,2
LF:33
LH:10
BRDA:7,0,0,0
BRDA:7,0,1,0
BRDA:12,1,0,0
BRDA:12,1,1,0
BRDA:43,2,0,0
BRDA:43,2,1,0
BRDA:49,3,0,0
BRDA:49,3,1,0
BRF:8
BRH:0
end_of_record
TN:
SF:packages/protocols/src/rln.ts
FN:7,(anonymous_6)
FN:8,(anonymous_8)
FN:19,(anonymous_9)
FN:26,(anonymous_10)
FN:30,(anonymous_11)
FN:36,(anonymous_12)
FNF:6
FNH:6
FNDA:4,(anonymous_6)
FNDA:2,(anonymous_8)
FNDA:3,(anonymous_9)
FNDA:3,(anonymous_10)
FNDA:1,(anonymous_11)
FNDA:3,(anonymous_12)
DA:1,2
DA:2,2
DA:3,2
DA:7,2
DA:8,4
DA:9,2
DA:19,2
DA:20,3
DA:21,3
DA:22,3
DA:23,3
DA:26,2
DA:27,3
DA:30,2
DA:31,1
DA:32,1
DA:33,1
DA:36,2
DA:37,3
DA:40,2
DA:42,2
LF:21
LH:21
BRDA:8,0,0,2
BRDA:8,0,1,0
BRDA:13,1,0,2
BRDA:13,1,1,0
BRF:4
BRH:2
end_of_record
TN:
SF:packages/protocols/src/semaphore.ts
FN:6,(anonymous_6)
FN:7,(anonymous_8)
FN:18,(anonymous_9)
FNF:3
FNH:3
FNDA:4,(anonymous_6)
FNDA:2,(anonymous_8)
FNDA:1,(anonymous_9)
DA:1,2
DA:2,2
DA:6,2
DA:7,4
DA:8,2
DA:18,2
DA:19,1
DA:22,2
DA:24,2
LF:9
LH:9
BRDA:7,0,0,2
BRDA:7,0,1,0
BRDA:14,1,0,2
BRDA:14,1,1,0
BRF:4
BRH:2
end_of_record
TN:
SF:packages/protocols/src/utils.ts
FN:14,(anonymous_2)
FN:18,(anonymous_3)
FN:23,(anonymous_4)
FN:24,(anonymous_5)
FN:38,(anonymous_6)
FN:42,(anonymous_7)
FNF:6
FNH:5
FNDA:361,(anonymous_2)
FNDA:8,(anonymous_3)
FNDA:5,(anonymous_4)
FNDA:5,(anonymous_5)
FNDA:0,(anonymous_6)
FNDA:4,(anonymous_7)
DA:1,3
DA:2,3
DA:3,3
DA:6,3
DA:8,3
DA:9,3
DA:14,3
DA:15,361
DA:18,3
DA:19,8
DA:20,8
DA:23,3
DA:24,5
DA:25,5
DA:27,5
DA:28,5
DA:31,5
DA:32,5
DA:38,3
DA:39,0
DA:42,3
DA:43,4
DA:44,4
DA:45,4
DA:47,16
DA:48,16
DA:51,4
DA:52,4
LF:28
LH:27
BRDA:45,0,0,0
BRDA:45,0,1,4
BRF:2
BRH:1
end_of_record
TN:
SF:packages/protocols/src/zk-protocol.ts
FN:6,(anonymous_0)
FN:8,(anonymous_2)
FN:12,(anonymous_3)
FN:17,(anonymous_4)
FN:23,(anonymous_5)
FN:26,(anonymous_6)
FNF:6
FNH:3
FNDA:8,(anonymous_0)
FNDA:2,(anonymous_2)
FNDA:2,(anonymous_3)
FNDA:0,(anonymous_4)
FNDA:0,(anonymous_5)
FNDA:0,(anonymous_6)
DA:1,2
DA:2,2
DA:6,2
DA:8,2
DA:9,2
DA:12,2
DA:13,4
DA:14,2
DA:17,2
DA:18,0
DA:20,0
DA:23,0
DA:27,0
DA:28,0
DA:33,2
LF:15
LH:10
BRF:0
BRH:0
end_of_record
