TN:
SF:packages/identity/src/identity-factory.ts
FN:8,(anonymous_6)
FN:12,(anonymous_7)
FN:13,(anonymous_9)
FN:20,(anonymous_10)
FN:25,(anonymous_11)
FN:30,(anonymous_12)
FN:38,(anonymous_13)
FNF:7
FNH:7
FNDA:3,(anonymous_6)
FNDA:2,(anonymous_7)
FNDA:5,(anonymous_9)
FNDA:2,(anonymous_10)
FNDA:1,(anonymous_11)
FNDA:2,(anonymous_12)
FNDA:1,(anonymous_13)
DA:1,1
DA:2,1
DA:4,1
DA:8,1
DA:9,3
DA:12,1
DA:13,10
DA:14,5
DA:15,0
DA:17,0
DA:20,1
DA:21,2
DA:22,2
DA:25,1
DA:26,1
DA:27,1
DA:30,1
DA:31,2
DA:35,2
DA:38,1
DA:39,1
DA:40,1
DA:45,1
DA:47,1
LF:24
LH:22
BRDA:13,0,0,5
BRDA:13,0,1,0
BRDA:13,1,0,5
BRDA:13,1,1,0
BRDA:14,2,0,5
BRDA:14,2,1,0
BRDA:15,3,0,0
BRDA:15,3,1,0
BRF:8
BRH:3
end_of_record
TN:
SF:packages/identity/src/index.ts
FNF:0
FNH:0
DA:1,1
DA:4,1
LF:2
LH:2
BRF:0
BRH:0
end_of_record
TN:
SF:packages/identity/src/strategies.ts
FN:10,(anonymous_6)
FN:11,(anonymous_7)
FN:21,(anonymous_8)
FN:22,(anonymous_9)
FNF:4
FNH:2
FNDA:5,(anonymous_6)
FNDA:10,(anonymous_7)
FNDA:0,(anonymous_8)
FNDA:0,(anonymous_9)
DA:1,1
DA:2,1
DA:3,1
DA:10,1
DA:11,10
DA:12,10
DA:15,5
DA:21,1
DA:22,0
DA:23,0
DA:24,0
DA:25,0
DA:28,0
DA:30,0
DA:31,0
DA:32,0
DA:34,0
DA:41,1
DA:42,1
LF:19
LH:10
BRDA:11,0,0,0
BRDA:11,0,1,10
BRF:2
BRH:1
end_of_record
TN:
SF:packages/protocols/src/index.ts
FN:10,(anonymous_0)
FNF:1
FNH:0
FNDA:0,(anonymous_0)
DA:1,1
DA:2,1
DA:3,1
DA:4,1
DA:7,1
DA:8,1
DA:9,1
DA:10,1
LF:8
LH:8
BRF:0
BRH:0
end_of_record
TN:
SF:packages/protocols/src/nRln.ts
FN:6,(anonymous_6)
FN:7,(anonymous_8)
FN:18,(anonymous_9)
FN:38,(anonymous_10)
FN:42,(anonymous_11)
FNF:5
FNH:1
FNDA:2,(anonymous_6)
FNDA:0,(anonymous_8)
FNDA:0,(anonymous_9)
FNDA:0,(anonymous_10)
FNDA:0,(anonymous_11)
DA:1,1
DA:2,1
DA:3,1
DA:6,1
DA:7,1
DA:8,0
DA:18,1
DA:19,0
DA:21,0
DA:22,0
DA:24,0
DA:25,0
DA:27,0
DA:28,0
DA:30,0
DA:31,0
DA:34,0
DA:35,0
DA:38,1
DA:39,0
DA:42,1
DA:43,0
DA:44,0
DA:45,0
DA:46,0
DA:47,0
DA:48,0
DA:49,0
DA:50,0
DA:53,0
DA:55,0
DA:58,1
DA:60,1
LF:33
LH:10
BRDA:7,0,0,0
BRDA:7,0,1,0
BRDA:12,1,0,0
BRDA:12,1,1,0
BRDA:43,2,0,0
BRDA:43,2,1,0
BRDA:49,3,0,0
BRDA:49,3,1,0
BRF:8
BRH:0
end_of_record
TN:
SF:packages/protocols/src/rln.ts
FN:7,(anonymous_6)
FN:8,(anonymous_8)
FN:19,(anonymous_9)
FN:26,(anonymous_10)
FN:30,(anonymous_11)
FN:36,(anonymous_12)
FNF:6
FNH:1
FNDA:2,(anonymous_6)
FNDA:0,(anonymous_8)
FNDA:0,(anonymous_9)
FNDA:0,(anonymous_10)
FNDA:0,(anonymous_11)
FNDA:0,(anonymous_12)
DA:1,1
DA:2,1
DA:3,1
DA:7,1
DA:8,1
DA:9,0
DA:19,1
DA:20,0
DA:21,0
DA:22,0
DA:23,0
DA:26,1
DA:27,0
DA:30,1
DA:31,0
DA:32,0
DA:33,0
DA:36,1
DA:37,0
DA:40,1
DA:42,1
LF:21
LH:11
BRDA:8,0,0,0
BRDA:8,0,1,0
BRDA:13,1,0,0
BRDA:13,1,1,0
BRF:4
BRH:0
end_of_record
TN:
SF:packages/protocols/src/semaphore.ts
FN:6,(anonymous_6)
FN:7,(anonymous_8)
FN:18,(anonymous_9)
FN:22,(anonymous_10)
FN:23,(anonymous_11)
FNF:5
FNH:5
FNDA:2,(anonymous_6)
FNDA:1,(anonymous_8)
FNDA:1,(anonymous_9)
FNDA:1,(anonymous_10)
FNDA:1,(anonymous_11)
DA:1,1
DA:2,1
DA:3,1
DA:6,1
DA:7,2
DA:8,1
DA:18,1
DA:19,1
DA:22,1
DA:23,1
DA:24,1
DA:26,1
DA:27,1
DA:30,1
DA:31,1
DA:37,1
DA:39,1
LF:17
LH:17
BRDA:7,0,0,1
BRDA:7,0,1,0
BRDA:14,1,0,1
BRDA:14,1,1,0
BRF:4
BRH:2
end_of_record
TN:
SF:packages/protocols/src/utils.ts
FN:14,(anonymous_2)
FN:18,(anonymous_3)
FN:23,(anonymous_4)
FN:27,(anonymous_5)
FNF:4
FNH:3
FNDA:102,(anonymous_2)
FNDA:2,(anonymous_3)
FNDA:0,(anonymous_4)
FNDA:1,(anonymous_5)
DA:1,1
DA:2,1
DA:3,1
DA:6,1
DA:8,1
DA:9,1
DA:14,1
DA:15,102
DA:18,1
DA:19,2
DA:20,2
DA:23,1
DA:24,0
DA:27,1
DA:28,1
DA:29,1
DA:30,1
DA:32,4
DA:33,4
DA:36,1
DA:37,1
LF:21
LH:20
BRDA:30,0,0,0
BRDA:30,0,1,1
BRF:2
BRH:1
end_of_record
TN:
SF:packages/protocols/src/zk-protocol.ts
FN:6,(anonymous_0)
FN:8,(anonymous_2)
FN:12,(anonymous_3)
FN:17,(anonymous_4)
FN:23,(anonymous_5)
FN:26,(anonymous_6)
FNF:6
FNH:1
FNDA:4,(anonymous_0)
FNDA:0,(anonymous_2)
FNDA:0,(anonymous_3)
FNDA:0,(anonymous_4)
FNDA:0,(anonymous_5)
FNDA:0,(anonymous_6)
DA:1,1
DA:2,1
DA:6,1
DA:8,1
DA:9,0
DA:12,1
DA:13,0
DA:14,0
DA:17,1
DA:18,0
DA:20,0
DA:23,0
DA:27,0
DA:28,0
DA:33,1
LF:15
LH:7
BRF:0
BRH:0
end_of_record
